<?xml version="1.0" encoding="UTF-8"?>
<!-- Generated by org.testng.reporters.JUnitReportReporter -->
<testsuite skipped="0" hostname="DESKTOP-CCPG5IB" name="zero.TFP" tests="2" failures="0" timestamp="2022-03-30T11:55:34 IST" time="15.663" errors="0">
  <testcase name="logout" time="1.120" classname="zero.TFP"/>
  <system-out/>
  <testcase name="login" time="14.543" classname="zero.TFP"/>
  <system-out/>
</testsuite> <!-- zero.TFP -->
